<?xml version="1.0" encoding="UTF-8" ?>
<testsuite errors="0" failures="0" hostname="Ocho.local" name="test.gov.cdc.ncphi.phgrid.gipse.services.TestGIPSEService" tests="7" time="2.995" timestamp="2009-07-16T04:46:48">
  <properties>
[...]
</properties>
  <testcase classname="test.gov.cdc.ncphi.phgrid.gipse.services.TestGIPSEService" name="testIbatisSqlMapClient" time="0.25" />
  <testcase classname="test.gov.cdc.ncphi.phgrid.gipse.services.TestGIPSEService" name="testIbatisQuery" time="0.295" />
  <testcase classname="test.gov.cdc.ncphi.phgrid.gipse.services.TestGIPSEService" name="testIbatisQueryEmpty" time="0.011" />
  <testcase classname="test.gov.cdc.ncphi.phgrid.gipse.services.TestGIPSEService" name="testMetadataQuery" time="1.317" />
  <testcase classname="test.gov.cdc.ncphi.phgrid.gipse.services.TestGIPSEService" name="testServiceQueryByState" time="0.321" />
  <testcase classname="test.gov.cdc.ncphi.phgrid.gipse.services.TestGIPSEService" name="testServiceQueryByZip3" time="0.337" />
  <testcase classname="test.gov.cdc.ncphi.phgrid.gipse.services.TestGIPSEService" name="testServiceQueryByZip5" time="0.263" />
  <system-out><![CDATA[]]></system-out>
  <system-err><![CDATA[]]></system-err>
</testsuite>
